<?xml version="1.0" encoding="UTF-8"?>
<!-- Generated by org.testng.reporters.JUnitReportReporter -->
<testsuite skipped="0" hostname="USER" name="testng.LoanTest" tests="2" failures="0" timestamp="16 Apr 2022 23:32:38 GMT" time="0.036" errors="0">
  <testcase name="HomeLoanTest" time="0.031" classname="testng.LoanTest"/>
  <testcase name="CarLoanTest" time="0.005" classname="testng.LoanTest"/>
</testsuite> <!-- testng.LoanTest -->
