<?xml version="1.0" encoding="UTF-8"?>
<!-- Generated by org.testng.reporters.JUnitReportReporter -->
<testsuite skipped="0" hostname="USER" name="testng.LoginTest" tests="1" failures="0" timestamp="17 Apr 2022 08:46:15 GMT" time="86.057" errors="0">
  <testcase name="LoginTestCase" time="86.057" classname="testng.LoginTest"/>
</testsuite> <!-- testng.LoginTest -->
